<?xml version="1.0" encoding="UTF-8"?>
<Site BuildName="(empty)"
	BuildStamp="20231114-1627-Experimental"
	Name="tracer"
	Generator="ctest-3.16.3"
	CompilerName="/usr/bin/g++"
	CompilerVersion="9.4.0"
	OSName="Linux"
	Hostname="tracer"
	OSRelease="5.15.0-88-generic"
	OSVersion="#98~20.04.1-Ubuntu SMP Mon Oct 9 16:43:45 UTC 2023"
	OSPlatform="x86_64"
	Is64Bits="1"
	VendorString="GenuineIntel"
	VendorID="Intel Corporation"
	FamilyID="6"
	ModelID="156"
	ProcessorCacheSize="4096"
	NumberOfLogicalCPU="4"
	NumberOfPhysicalCPU="4"
	TotalVirtualMemory="2047"
	TotalPhysicalMemory="7748"
	LogicalProcessorsPerPhysical="1"
	ProcessorClockFrequency="2786.37"
	>
	<Testing>
		<StartDateTime>Nov 15 02:40 KST</StartDateTime>
		<StartTestTime>1699983635</StartTestTime>
		<TestList/>
		<EndDateTime>Nov 15 02:40 KST</EndDateTime>
		<EndTestTime>1699983636</EndTestTime>
		<ElapsedMinutes>0</ElapsedMinutes>
	</Testing>
</Site>
