<?xml version="1.0" encoding="UTF-8"?>
<Site BuildName="(empty)"
	BuildStamp="20231024-1127-Experimental"
	Name="tracer"
	Generator="ctest-3.16.3"
	CompilerName="/usr/bin/g++"
	CompilerVersion="9.4.0"
	OSName="Linux"
	Hostname="tracer"
	OSRelease="5.15.0-87-generic"
	OSVersion="#97~20.04.1-Ubuntu SMP Thu Oct 5 08:25:28 UTC 2023"
	OSPlatform="x86_64"
	Is64Bits="1"
	VendorString="GenuineIntel"
	VendorID="Intel Corporation"
	FamilyID="6"
	ModelID="156"
	ProcessorCacheSize="4096"
	NumberOfLogicalCPU="4"
	NumberOfPhysicalCPU="4"
	TotalVirtualMemory="2047"
	TotalPhysicalMemory="7748"
	LogicalProcessorsPerPhysical="1"
	ProcessorClockFrequency="2820.63"
	>
	<Testing>
		<StartDateTime>Oct 24 20:27 KST</StartDateTime>
		<StartTestTime>1698146844</StartTestTime>
		<TestList/>
		<EndDateTime>Oct 24 20:27 KST</EndDateTime>
		<EndTestTime>1698146844</EndTestTime>
		<ElapsedMinutes>0</ElapsedMinutes>
	</Testing>
</Site>
